<testsuites id="" name="" tests="182" failures="182" skipped="0" errors="0" time="712.9555630000001">
<testsuite name="auth-e2e.test.ts" timestamp="2025-09-27T15:31:47.990Z" hostname="chromium" tests="14" failures="14" skipped="0" time="401.283" errors="0">
<testcase name="Authentication End-to-End › should display login page" classname="auth-e2e.test.ts" time="8.142">
<failure message="auth-e2e.test.ts:14:7 should display login page" type="FAILURE">
<![CDATA[  [chromium] › auth-e2e.test.ts:14:7 › Authentication End-to-End › should display login page ───────

    Error: expect(locator).toBeVisible() failed

    Locator:  locator('form[data-testid="login-form"]')
    Expected: visible
    Received: <element(s) not found>
    Timeout:  5000ms

    Call log:
      - Expect "toBeVisible" with timeout 5000ms
      - waiting for locator('form[data-testid="login-form"]')


      18 |
      19 |     // Verify login form is displayed
    > 20 |     await expect(page.locator('form[data-testid="login-form"]')).toBeVisible();
         |                                                                  ^
      21 |     await expect(page.locator('input[name="email"]')).toBeVisible();
      22 |     await expect(page.locator('input[name="password"]')).toBeVisible();
      23 |     await expect(page.locator('button[type="submit"]')).toBeVisible();
        at C:\Users\olive\.cursor\Attendry\src\__tests__\e2e\auth-e2e.test.ts:20:66

    attachment #1: screenshot (image/png) ──────────────────────────────────────────────────────────
    ..\..\..\test-results\auth-e2e-Authentication-End-to-End-should-display-login-page-chromium\test-failed-1.png
    ────────────────────────────────────────────────────────────────────────────────────────────────

    attachment #2: video (video/webm) ──────────────────────────────────────────────────────────────
    ..\..\..\test-results\auth-e2e-Authentication-End-to-End-should-display-login-page-chromium\video.webm
    ────────────────────────────────────────────────────────────────────────────────────────────────

    Error Context: ..\..\..\test-results\auth-e2e-Authentication-End-to-End-should-display-login-page-chromium\error-context.md
]]>
</failure>
<system-out>
<![CDATA[
[[ATTACHMENT|auth-e2e-Authentication-End-to-End-should-display-login-page-chromium\test-failed-1.png]]

[[ATTACHMENT|auth-e2e-Authentication-End-to-End-should-display-login-page-chromium\video.webm]]

[[ATTACHMENT|auth-e2e-Authentication-End-to-End-should-display-login-page-chromium\error-context.md]]
]]>
</system-out>
</testcase>
<testcase name="Authentication End-to-End › should handle login with valid credentials" classname="auth-e2e.test.ts" time="30.166">
<failure message="auth-e2e.test.ts:26:7 should handle login with valid credentials" type="FAILURE">
<![CDATA[  [chromium] › auth-e2e.test.ts:26:7 › Authentication End-to-End › should handle login with valid credentials 

    Test timeout of 30000ms exceeded.

    Error: page.fill: Test timeout of 30000ms exceeded.
    Call log:
      - waiting for locator('input[name="password"]')


      31 |     // Fill login form
      32 |     await page.fill('input[name="email"]', 'test@example.com');
    > 33 |     await page.fill('input[name="password"]', 'password123');
         |                ^
      34 |
      35 |     // Submit form
      36 |     await page.click('button[type="submit"]');
        at C:\Users\olive\.cursor\Attendry\src\__tests__\e2e\auth-e2e.test.ts:33:16

    attachment #1: screenshot (image/png) ──────────────────────────────────────────────────────────
    ..\..\..\test-results\auth-e2e-Authentication-En-f027a-ogin-with-valid-credentials-chromium\test-failed-1.png
    ────────────────────────────────────────────────────────────────────────────────────────────────

    attachment #2: video (video/webm) ──────────────────────────────────────────────────────────────
    ..\..\..\test-results\auth-e2e-Authentication-En-f027a-ogin-with-valid-credentials-chromium\video.webm
    ────────────────────────────────────────────────────────────────────────────────────────────────

    Error Context: ..\..\..\test-results\auth-e2e-Authentication-En-f027a-ogin-with-valid-credentials-chromium\error-context.md
]]>
</failure>
<system-out>
<![CDATA[
[[ATTACHMENT|auth-e2e-Authentication-En-f027a-ogin-with-valid-credentials-chromium\test-failed-1.png]]

[[ATTACHMENT|auth-e2e-Authentication-En-f027a-ogin-with-valid-credentials-chromium\video.webm]]

[[ATTACHMENT|auth-e2e-Authentication-En-f027a-ogin-with-valid-credentials-chromium\error-context.md]]
]]>
</system-out>
</testcase>
<testcase name="Authentication End-to-End › should handle login with invalid credentials" classname="auth-e2e.test.ts" time="30.162">
<failure message="auth-e2e.test.ts:48:7 should handle login with invalid credentials" type="FAILURE">
<![CDATA[  [chromium] › auth-e2e.test.ts:48:7 › Authentication End-to-End › should handle login with invalid credentials 

    Test timeout of 30000ms exceeded.

    Error: page.fill: Test timeout of 30000ms exceeded.
    Call log:
      - waiting for locator('input[name="password"]')


      53 |     // Fill login form with invalid credentials
      54 |     await page.fill('input[name="email"]', 'invalid@example.com');
    > 55 |     await page.fill('input[name="password"]', 'wrongpassword');
         |                ^
      56 |
      57 |     // Submit form
      58 |     await page.click('button[type="submit"]');
        at C:\Users\olive\.cursor\Attendry\src\__tests__\e2e\auth-e2e.test.ts:55:16

    attachment #1: screenshot (image/png) ──────────────────────────────────────────────────────────
    ..\..\..\test-results\auth-e2e-Authentication-En-a659b-in-with-invalid-credentials-chromium\test-failed-1.png
    ────────────────────────────────────────────────────────────────────────────────────────────────

    attachment #2: video (video/webm) ──────────────────────────────────────────────────────────────
    ..\..\..\test-results\auth-e2e-Authentication-En-a659b-in-with-invalid-credentials-chromium\video.webm
    ────────────────────────────────────────────────────────────────────────────────────────────────

    Error Context: ..\..\..\test-results\auth-e2e-Authentication-En-a659b-in-with-invalid-credentials-chromium\error-context.md
]]>
</failure>
<system-out>
<![CDATA[
[[ATTACHMENT|auth-e2e-Authentication-En-a659b-in-with-invalid-credentials-chromium\test-failed-1.png]]

[[ATTACHMENT|auth-e2e-Authentication-En-a659b-in-with-invalid-credentials-chromium\video.webm]]

[[ATTACHMENT|auth-e2e-Authentication-En-a659b-in-with-invalid-credentials-chromium\error-context.md]]
]]>
</system-out>
</testcase>
<testcase name="Authentication End-to-End › should handle login with empty fields" classname="auth-e2e.test.ts" time="31.402">
<failure message="auth-e2e.test.ts:67:7 should handle login with empty fields" type="FAILURE">
<![CDATA[  [chromium] › auth-e2e.test.ts:67:7 › Authentication End-to-End › should handle login with empty fields 

    Test timeout of 30000ms exceeded.

    Error: page.click: Test timeout of 30000ms exceeded.
    Call log:
      - waiting for locator('button[type="submit"]')


      71 |
      72 |     // Submit form without filling fields
    > 73 |     await page.click('button[type="submit"]');
         |                ^
      74 |
      75 |     // Wait for validation errors
      76 |     await page.waitForSelector('[data-testid="validation-error"]', { timeout: 5000 });
        at C:\Users\olive\.cursor\Attendry\src\__tests__\e2e\auth-e2e.test.ts:73:16

    attachment #1: screenshot (image/png) ──────────────────────────────────────────────────────────
    ..\..\..\test-results\auth-e2e-Authentication-En-39095-dle-login-with-empty-fields-chromium\test-failed-1.png
    ────────────────────────────────────────────────────────────────────────────────────────────────

    attachment #2: video (video/webm) ──────────────────────────────────────────────────────────────
    ..\..\..\test-results\auth-e2e-Authentication-En-39095-dle-login-with-empty-fields-chromium\video.webm
    ────────────────────────────────────────────────────────────────────────────────────────────────

    Error Context: ..\..\..\test-results\auth-e2e-Authentication-En-39095-dle-login-with-empty-fields-chromium\error-context.md
]]>
</failure>
<system-out>
<![CDATA[
[[ATTACHMENT|auth-e2e-Authentication-En-39095-dle-login-with-empty-fields-chromium\test-failed-1.png]]

[[ATTACHMENT|auth-e2e-Authentication-En-39095-dle-login-with-empty-fields-chromium\video.webm]]

[[ATTACHMENT|auth-e2e-Authentication-En-39095-dle-login-with-empty-fields-chromium\error-context.md]]
]]>
</system-out>
</testcase>
<testcase name="Authentication End-to-End › should handle login with invalid email format" classname="auth-e2e.test.ts" time="30.167">
<failure message="auth-e2e.test.ts:83:7 should handle login with invalid email format" type="FAILURE">
<![CDATA[  [chromium] › auth-e2e.test.ts:83:7 › Authentication End-to-End › should handle login with invalid email format 

    Test timeout of 30000ms exceeded.

    Error: page.fill: Test timeout of 30000ms exceeded.
    Call log:
      - waiting for locator('input[name="password"]')


      88 |     // Fill login form with invalid email
      89 |     await page.fill('input[name="email"]', 'invalid-email');
    > 90 |     await page.fill('input[name="password"]', 'password123');
         |                ^
      91 |
      92 |     // Submit form
      93 |     await page.click('button[type="submit"]');
        at C:\Users\olive\.cursor\Attendry\src\__tests__\e2e\auth-e2e.test.ts:90:16

    attachment #1: screenshot (image/png) ──────────────────────────────────────────────────────────
    ..\..\..\test-results\auth-e2e-Authentication-En-941e6-n-with-invalid-email-format-chromium\test-failed-1.png
    ────────────────────────────────────────────────────────────────────────────────────────────────

    attachment #2: video (video/webm) ──────────────────────────────────────────────────────────────
    ..\..\..\test-results\auth-e2e-Authentication-En-941e6-n-with-invalid-email-format-chromium\video.webm
    ────────────────────────────────────────────────────────────────────────────────────────────────

    Error Context: ..\..\..\test-results\auth-e2e-Authentication-En-941e6-n-with-invalid-email-format-chromium\error-context.md
]]>
</failure>
<system-out>
<![CDATA[
[[ATTACHMENT|auth-e2e-Authentication-En-941e6-n-with-invalid-email-format-chromium\test-failed-1.png]]

[[ATTACHMENT|auth-e2e-Authentication-En-941e6-n-with-invalid-email-format-chromium\video.webm]]

[[ATTACHMENT|auth-e2e-Authentication-En-941e6-n-with-invalid-email-format-chromium\error-context.md]]
]]>
</system-out>
</testcase>
<testcase name="Authentication End-to-End › should handle login with short password" classname="auth-e2e.test.ts" time="30.168">
<failure message="auth-e2e.test.ts:102:7 should handle login with short password" type="FAILURE">
<![CDATA[  [chromium] › auth-e2e.test.ts:102:7 › Authentication End-to-End › should handle login with short password 

    Test timeout of 30000ms exceeded.

    Error: page.fill: Test timeout of 30000ms exceeded.
    Call log:
      - waiting for locator('input[name="password"]')


      107 |     // Fill login form with short password
      108 |     await page.fill('input[name="email"]', 'test@example.com');
    > 109 |     await page.fill('input[name="password"]', '123');
          |                ^
      110 |
      111 |     // Submit form
      112 |     await page.click('button[type="submit"]');
        at C:\Users\olive\.cursor\Attendry\src\__tests__\e2e\auth-e2e.test.ts:109:16

    attachment #1: screenshot (image/png) ──────────────────────────────────────────────────────────
    ..\..\..\test-results\auth-e2e-Authentication-En-869e1-e-login-with-short-password-chromium\test-failed-1.png
    ────────────────────────────────────────────────────────────────────────────────────────────────

    attachment #2: video (video/webm) ──────────────────────────────────────────────────────────────
    ..\..\..\test-results\auth-e2e-Authentication-En-869e1-e-login-with-short-password-chromium\video.webm
    ────────────────────────────────────────────────────────────────────────────────────────────────

    Error Context: ..\..\..\test-results\auth-e2e-Authentication-En-869e1-e-login-with-short-password-chromium\error-context.md
]]>
</failure>
<system-out>
<![CDATA[
[[ATTACHMENT|auth-e2e-Authentication-En-869e1-e-login-with-short-password-chromium\test-failed-1.png]]

[[ATTACHMENT|auth-e2e-Authentication-En-869e1-e-login-with-short-password-chromium\video.webm]]

[[ATTACHMENT|auth-e2e-Authentication-En-869e1-e-login-with-short-password-chromium\error-context.md]]
]]>
</system-out>
</testcase>
<testcase name="Authentication End-to-End › should handle login with special characters in email" classname="auth-e2e.test.ts" time="30.155">
<failure message="auth-e2e.test.ts:121:7 should handle login with special characters in email" type="FAILURE">
<![CDATA[  [chromium] › auth-e2e.test.ts:121:7 › Authentication End-to-End › should handle login with special characters in email 

    Test timeout of 30000ms exceeded.

    Error: page.fill: Test timeout of 30000ms exceeded.
    Call log:
      - waiting for locator('input[name="password"]')


      126 |     // Fill login form with special characters in email
      127 |     await page.fill('input[name="email"]', 'test+tag@example.com');
    > 128 |     await page.fill('input[name="password"]', 'password123');
          |                ^
      129 |
      130 |     // Submit form
      131 |     await page.click('button[type="submit"]');
        at C:\Users\olive\.cursor\Attendry\src\__tests__\e2e\auth-e2e.test.ts:128:16

    attachment #1: screenshot (image/png) ──────────────────────────────────────────────────────────
    ..\..\..\test-results\auth-e2e-Authentication-En-3aa08-special-characters-in-email-chromium\test-failed-1.png
    ────────────────────────────────────────────────────────────────────────────────────────────────

    attachment #2: video (video/webm) ──────────────────────────────────────────────────────────────
    ..\..\..\test-results\auth-e2e-Authentication-En-3aa08-special-characters-in-email-chromium\video.webm
    ────────────────────────────────────────────────────────────────────────────────────────────────

    Error Context: ..\..\..\test-results\auth-e2e-Authentication-En-3aa08-special-characters-in-email-chromium\error-context.md
]]>
</failure>
<system-out>
<![CDATA[
[[ATTACHMENT|auth-e2e-Authentication-En-3aa08-special-characters-in-email-chromium\test-failed-1.png]]

[[ATTACHMENT|auth-e2e-Authentication-En-3aa08-special-characters-in-email-chromium\video.webm]]

[[ATTACHMENT|auth-e2e-Authentication-En-3aa08-special-characters-in-email-chromium\error-context.md]]
]]>
</system-out>
</testcase>
<testcase name="Authentication End-to-End › should handle login with special characters in password" classname="auth-e2e.test.ts" time="30.148">
<failure message="auth-e2e.test.ts:143:7 should handle login with special characters in password" type="FAILURE">
<![CDATA[  [chromium] › auth-e2e.test.ts:143:7 › Authentication End-to-End › should handle login with special characters in password 

    Test timeout of 30000ms exceeded.

    Error: page.fill: Test timeout of 30000ms exceeded.
    Call log:
      - waiting for locator('input[name="password"]')


      148 |     // Fill login form with special characters in password
      149 |     await page.fill('input[name="email"]', 'test@example.com');
    > 150 |     await page.fill('input[name="password"]', 'password!@#$%^&*()');
          |                ^
      151 |
      152 |     // Submit form
      153 |     await page.click('button[type="submit"]');
        at C:\Users\olive\.cursor\Attendry\src\__tests__\e2e\auth-e2e.test.ts:150:16

    attachment #1: screenshot (image/png) ──────────────────────────────────────────────────────────
    ..\..\..\test-results\auth-e2e-Authentication-En-03ea1-cial-characters-in-password-chromium\test-failed-1.png
    ────────────────────────────────────────────────────────────────────────────────────────────────

    attachment #2: video (video/webm) ──────────────────────────────────────────────────────────────
    ..\..\..\test-results\auth-e2e-Authentication-En-03ea1-cial-characters-in-password-chromium\video.webm
    ────────────────────────────────────────────────────────────────────────────────────────────────

    Error Context: ..\..\..\test-results\auth-e2e-Authentication-En-03ea1-cial-characters-in-password-chromium\error-context.md
]]>
</failure>
<system-out>
<![CDATA[
[[ATTACHMENT|auth-e2e-Authentication-En-03ea1-cial-characters-in-password-chromium\test-failed-1.png]]

[[ATTACHMENT|auth-e2e-Authentication-En-03ea1-cial-characters-in-password-chromium\video.webm]]

[[ATTACHMENT|auth-e2e-Authentication-En-03ea1-cial-characters-in-password-chromium\error-context.md]]
]]>
</system-out>
</testcase>
<testcase name="Authentication End-to-End › should handle login with very long email" classname="auth-e2e.test.ts" time="30.128">
<failure message="auth-e2e.test.ts:165:7 should handle login with very long email" type="FAILURE">
<![CDATA[  [chromium] › auth-e2e.test.ts:165:7 › Authentication End-to-End › should handle login with very long email 

    Test timeout of 30000ms exceeded.

    Error: page.fill: Test timeout of 30000ms exceeded.
    Call log:
      - waiting for locator('input[name="password"]')


      171 |     const longEmail = 'a'.repeat(100) + '@example.com';
      172 |     await page.fill('input[name="email"]', longEmail);
    > 173 |     await page.fill('input[name="password"]', 'password123');
          |                ^
      174 |
      175 |     // Submit form
      176 |     await page.click('button[type="submit"]');
        at C:\Users\olive\.cursor\Attendry\src\__tests__\e2e\auth-e2e.test.ts:173:16

    attachment #1: screenshot (image/png) ──────────────────────────────────────────────────────────
    ..\..\..\test-results\auth-e2e-Authentication-En-32b65--login-with-very-long-email-chromium\test-failed-1.png
    ────────────────────────────────────────────────────────────────────────────────────────────────

    attachment #2: video (video/webm) ──────────────────────────────────────────────────────────────
    ..\..\..\test-results\auth-e2e-Authentication-En-32b65--login-with-very-long-email-chromium\video.webm
    ────────────────────────────────────────────────────────────────────────────────────────────────

    Error Context: ..\..\..\test-results\auth-e2e-Authentication-En-32b65--login-with-very-long-email-chromium\error-context.md
]]>
</failure>
<system-out>
<![CDATA[
[[ATTACHMENT|auth-e2e-Authentication-En-32b65--login-with-very-long-email-chromium\test-failed-1.png]]

[[ATTACHMENT|auth-e2e-Authentication-En-32b65--login-with-very-long-email-chromium\video.webm]]

[[ATTACHMENT|auth-e2e-Authentication-En-32b65--login-with-very-long-email-chromium\error-context.md]]
]]>
</system-out>
</testcase>
<testcase name="Authentication End-to-End › should handle login with very long password" classname="auth-e2e.test.ts" time="30.106">
<failure message="auth-e2e.test.ts:185:7 should handle login with very long password" type="FAILURE">
<![CDATA[  [chromium] › auth-e2e.test.ts:185:7 › Authentication End-to-End › should handle login with very long password 

    Test timeout of 30000ms exceeded.

    Error: page.fill: Test timeout of 30000ms exceeded.
    Call log:
      - waiting for locator('input[name="password"]')


      191 |     const longPassword = 'a'.repeat(1000);
      192 |     await page.fill('input[name="email"]', 'test@example.com');
    > 193 |     await page.fill('input[name="password"]', longPassword);
          |                ^
      194 |
      195 |     // Submit form
      196 |     await page.click('button[type="submit"]');
        at C:\Users\olive\.cursor\Attendry\src\__tests__\e2e\auth-e2e.test.ts:193:16

    attachment #1: screenshot (image/png) ──────────────────────────────────────────────────────────
    ..\..\..\test-results\auth-e2e-Authentication-En-19f55-gin-with-very-long-password-chromium\test-failed-1.png
    ────────────────────────────────────────────────────────────────────────────────────────────────

    attachment #2: video (video/webm) ──────────────────────────────────────────────────────────────
    ..\..\..\test-results\auth-e2e-Authentication-En-19f55-gin-with-very-long-password-chromium\video.webm
    ────────────────────────────────────────────────────────────────────────────────────────────────

    Error Context: ..\..\..\test-results\auth-e2e-Authentication-En-19f55-gin-with-very-long-password-chromium\error-context.md
]]>
</failure>
<system-out>
<![CDATA[
[[ATTACHMENT|auth-e2e-Authentication-En-19f55-gin-with-very-long-password-chromium\test-failed-1.png]]

[[ATTACHMENT|auth-e2e-Authentication-En-19f55-gin-with-very-long-password-chromium\video.webm]]

[[ATTACHMENT|auth-e2e-Authentication-En-19f55-gin-with-very-long-password-chromium\error-context.md]]
]]>
</system-out>
</testcase>
<testcase name="Authentication End-to-End › should handle login with SQL injection attempt" classname="auth-e2e.test.ts" time="30.116">
<failure message="auth-e2e.test.ts:205:7 should handle login with SQL injection attempt" type="FAILURE">
<![CDATA[  [chromium] › auth-e2e.test.ts:205:7 › Authentication End-to-End › should handle login with SQL injection attempt 

    Test timeout of 30000ms exceeded.

    Error: page.fill: Test timeout of 30000ms exceeded.
    Call log:
      - waiting for locator('input[name="password"]')


      210 |     // Fill login form with SQL injection attempt
      211 |     await page.fill('input[name="email"]', "'; DROP TABLE users; --");
    > 212 |     await page.fill('input[name="password"]', "'; DROP TABLE users; --");
          |                ^
      213 |
      214 |     // Submit form
      215 |     await page.click('button[type="submit"]');
        at C:\Users\olive\.cursor\Attendry\src\__tests__\e2e\auth-e2e.test.ts:212:16

    attachment #1: screenshot (image/png) ──────────────────────────────────────────────────────────
    ..\..\..\test-results\auth-e2e-Authentication-En-331a5--with-SQL-injection-attempt-chromium\test-failed-1.png
    ────────────────────────────────────────────────────────────────────────────────────────────────

    attachment #2: video (video/webm) ──────────────────────────────────────────────────────────────
    ..\..\..\test-results\auth-e2e-Authentication-En-331a5--with-SQL-injection-attempt-chromium\video.webm
    ────────────────────────────────────────────────────────────────────────────────────────────────

    Error Context: ..\..\..\test-results\auth-e2e-Authentication-En-331a5--with-SQL-injection-attempt-chromium\error-context.md
]]>
</failure>
<system-out>
<![CDATA[
[[ATTACHMENT|auth-e2e-Authentication-En-331a5--with-SQL-injection-attempt-chromium\test-failed-1.png]]

[[ATTACHMENT|auth-e2e-Authentication-En-331a5--with-SQL-injection-attempt-chromium\video.webm]]

[[ATTACHMENT|auth-e2e-Authentication-En-331a5--with-SQL-injection-attempt-chromium\error-context.md]]
]]>
</system-out>
</testcase>
<testcase name="Authentication End-to-End › should handle login with XSS attempt" classname="auth-e2e.test.ts" time="30.123">
<failure message="auth-e2e.test.ts:224:7 should handle login with XSS attempt" type="FAILURE">
<![CDATA[  [chromium] › auth-e2e.test.ts:224:7 › Authentication End-to-End › should handle login with XSS attempt 

    Test timeout of 30000ms exceeded.

    Error: page.fill: Test timeout of 30000ms exceeded.
    Call log:
      - waiting for locator('input[name="password"]')


      229 |     // Fill login form with XSS attempt
      230 |     await page.fill('input[name="email"]', '<script>alert("xss")</script>');
    > 231 |     await page.fill('input[name="password"]', '<script>alert("xss")</script>');
          |                ^
      232 |
      233 |     // Submit form
      234 |     await page.click('button[type="submit"]');
        at C:\Users\olive\.cursor\Attendry\src\__tests__\e2e\auth-e2e.test.ts:231:16

    attachment #1: screenshot (image/png) ──────────────────────────────────────────────────────────
    ..\..\..\test-results\auth-e2e-Authentication-En-07292-ndle-login-with-XSS-attempt-chromium\test-failed-1.png
    ────────────────────────────────────────────────────────────────────────────────────────────────

    attachment #2: video (video/webm) ──────────────────────────────────────────────────────────────
    ..\..\..\test-results\auth-e2e-Authentication-En-07292-ndle-login-with-XSS-attempt-chromium\video.webm
    ────────────────────────────────────────────────────────────────────────────────────────────────

    Error Context: ..\..\..\test-results\auth-e2e-Authentication-En-07292-ndle-login-with-XSS-attempt-chromium\error-context.md
]]>
</failure>
<system-out>
<![CDATA[
[[ATTACHMENT|auth-e2e-Authentication-En-07292-ndle-login-with-XSS-attempt-chromium\test-failed-1.png]]

[[ATTACHMENT|auth-e2e-Authentication-En-07292-ndle-login-with-XSS-attempt-chromium\video.webm]]

[[ATTACHMENT|auth-e2e-Authentication-En-07292-ndle-login-with-XSS-attempt-chromium\error-context.md]]
]]>
</system-out>
</testcase>
<testcase name="Authentication End-to-End › should handle login with network error" classname="auth-e2e.test.ts" time="30.142">
<failure message="auth-e2e.test.ts:243:7 should handle login with network error" type="FAILURE">
<![CDATA[  [chromium] › auth-e2e.test.ts:243:7 › Authentication End-to-End › should handle login with network error 

    Test timeout of 30000ms exceeded.

    Error: page.fill: Test timeout of 30000ms exceeded.
    Call log:
      - waiting for locator('input[name="password"]')


      251 |     // Fill login form
      252 |     await page.fill('input[name="email"]', 'test@example.com');
    > 253 |     await page.fill('input[name="password"]', 'password123');
          |                ^
      254 |
      255 |     // Submit form
      256 |     await page.click('button[type="submit"]');
        at C:\Users\olive\.cursor\Attendry\src\__tests__\e2e\auth-e2e.test.ts:253:16

    attachment #1: screenshot (image/png) ──────────────────────────────────────────────────────────
    ..\..\..\test-results\auth-e2e-Authentication-En-82c52-le-login-with-network-error-chromium\test-failed-1.png
    ────────────────────────────────────────────────────────────────────────────────────────────────

    attachment #2: video (video/webm) ──────────────────────────────────────────────────────────────
    ..\..\..\test-results\auth-e2e-Authentication-En-82c52-le-login-with-network-error-chromium\video.webm
    ────────────────────────────────────────────────────────────────────────────────────────────────

    Error Context: ..\..\..\test-results\auth-e2e-Authentication-En-82c52-le-login-with-network-error-chromium\error-context.md
]]>
</failure>
<system-out>
<![CDATA[
[[ATTACHMENT|auth-e2e-Authentication-En-82c52-le-login-with-network-error-chromium\test-failed-1.png]]

[[ATTACHMENT|auth-e2e-Authentication-En-82c52-le-login-with-network-error-chromium\video.webm]]

[[ATTACHMENT|auth-e2e-Authentication-En-82c52-le-login-with-network-error-chromium\error-context.md]]
]]>
</system-out>
</testcase>
<testcase name="Authentication End-to-End › should handle login with timeout" classname="auth-e2e.test.ts" time="30.158">
<failure message="auth-e2e.test.ts:265:7 should handle login with timeout" type="FAILURE">
<![CDATA[  [chromium] › auth-e2e.test.ts:265:7 › Authentication End-to-End › should handle login with timeout 

    Test timeout of 30000ms exceeded.

    Error: page.fill: Test timeout of 30000ms exceeded.
    Call log:
      - waiting for locator('input[name="password"]')


      275 |     // Fill login form
      276 |     await page.fill('input[name="email"]', 'test@example.com');
    > 277 |     await page.fill('input[name="password"]', 'password123');
          |                ^
      278 |
      279 |     // Submit form
      280 |     await page.click('button[type="submit"]');
        at C:\Users\olive\.cursor\Attendry\src\__tests__\e2e\auth-e2e.test.ts:277:16

    attachment #1: screenshot (image/png) ──────────────────────────────────────────────────────────
    ..\..\..\test-results\auth-e2e-Authentication-En-060c1-d-handle-login-with-timeout-chromium\test-failed-1.png
    ────────────────────────────────────────────────────────────────────────────────────────────────

    attachment #2: video (video/webm) ──────────────────────────────────────────────────────────────
    ..\..\..\test-results\auth-e2e-Authentication-En-060c1-d-handle-login-with-timeout-chromium\video.webm
    ────────────────────────────────────────────────────────────────────────────────────────────────

    Error Context: ..\..\..\test-results\auth-e2e-Authentication-En-060c1-d-handle-login-with-timeout-chromium\error-context.md
]]>
</failure>
<system-out>
<![CDATA[
[[ATTACHMENT|auth-e2e-Authentication-En-060c1-d-handle-login-with-timeout-chromium\test-failed-1.png]]

[[ATTACHMENT|auth-e2e-Authentication-En-060c1-d-handle-login-with-timeout-chromium\video.webm]]

[[ATTACHMENT|auth-e2e-Authentication-En-060c1-d-handle-login-with-timeout-chromium\error-context.md]]
]]>
</system-out>
</testcase>
</testsuite>
<testsuite name="search-e2e.test.ts" timestamp="2025-09-27T15:31:47.990Z" hostname="chromium" tests="12" failures="12" skipped="0" time="371.682" errors="0">
<testcase name="Search End-to-End › should perform basic search" classname="search-e2e.test.ts" time="31.148">
<failure message="search-e2e.test.ts:14:7 should perform basic search" type="FAILURE">
<![CDATA[  [chromium] › search-e2e.test.ts:14:7 › Search End-to-End › should perform basic search ───────────

    Test timeout of 30000ms exceeded.

    Error: page.fill: Test timeout of 30000ms exceeded.
    Call log:
      - waiting for locator('input[placeholder*="search"]')


      18 |
      19 |     // Enter search query
    > 20 |     await page.fill('input[placeholder*="search"]', 'legal conference');
         |                ^
      21 |     
      22 |     // Click search button
      23 |     await page.click('button[type="submit"]');
        at C:\Users\olive\.cursor\Attendry\src\__tests__\e2e\search-e2e.test.ts:20:16

    attachment #1: screenshot (image/png) ──────────────────────────────────────────────────────────
    ..\..\..\test-results\search-e2e-Search-End-to-End-should-perform-basic-search-chromium\test-failed-1.png
    ────────────────────────────────────────────────────────────────────────────────────────────────

    attachment #2: video (video/webm) ──────────────────────────────────────────────────────────────
    ..\..\..\test-results\search-e2e-Search-End-to-End-should-perform-basic-search-chromium\video.webm
    ────────────────────────────────────────────────────────────────────────────────────────────────

    Error Context: ..\..\..\test-results\search-e2e-Search-End-to-End-should-perform-basic-search-chromium\error-context.md
]]>
</failure>
<system-out>
<![CDATA[
[[ATTACHMENT|search-e2e-Search-End-to-End-should-perform-basic-search-chromium\test-failed-1.png]]

[[ATTACHMENT|search-e2e-Search-End-to-End-should-perform-basic-search-chromium\video.webm]]

[[ATTACHMENT|search-e2e-Search-End-to-End-should-perform-basic-search-chromium\error-context.md]]
]]>
</system-out>
</testcase>
<testcase name="Search End-to-End › should perform advanced search" classname="search-e2e.test.ts" time="31.092">
<failure message="search-e2e.test.ts:33:7 should perform advanced search" type="FAILURE">
<![CDATA[  [chromium] › search-e2e.test.ts:33:7 › Search End-to-End › should perform advanced search ────────

    Test timeout of 30000ms exceeded.

    Error: page.click: Test timeout of 30000ms exceeded.
    Call log:
      - waiting for locator('button[data-testid="toggle-advanced-search"]')


      37 |
      38 |     // Toggle advanced search
    > 39 |     await page.click('button[data-testid="toggle-advanced-search"]');
         |                ^
      40 |
      41 |     // Fill advanced search form
      42 |     await page.fill('input[name="query"]', 'legal conference');
        at C:\Users\olive\.cursor\Attendry\src\__tests__\e2e\search-e2e.test.ts:39:16

    attachment #1: screenshot (image/png) ──────────────────────────────────────────────────────────
    ..\..\..\test-results\search-e2e-Search-End-to-End-should-perform-advanced-search-chromium\test-failed-1.png
    ────────────────────────────────────────────────────────────────────────────────────────────────

    attachment #2: video (video/webm) ──────────────────────────────────────────────────────────────
    ..\..\..\test-results\search-e2e-Search-End-to-End-should-perform-advanced-search-chromium\video.webm
    ────────────────────────────────────────────────────────────────────────────────────────────────

    Error Context: ..\..\..\test-results\search-e2e-Search-End-to-End-should-perform-advanced-search-chromium\error-context.md
]]>
</failure>
<system-out>
<![CDATA[
[[ATTACHMENT|search-e2e-Search-End-to-End-should-perform-advanced-search-chromium\test-failed-1.png]]

[[ATTACHMENT|search-e2e-Search-End-to-End-should-perform-advanced-search-chromium\video.webm]]

[[ATTACHMENT|search-e2e-Search-End-to-End-should-perform-advanced-search-chromium\error-context.md]]
]]>
</system-out>
</testcase>
<testcase name="Search End-to-End › should handle search with no results" classname="search-e2e.test.ts" time="32.845">
<failure message="search-e2e.test.ts:60:7 should handle search with no results" type="FAILURE">
<![CDATA[  [chromium] › search-e2e.test.ts:60:7 › Search End-to-End › should handle search with no results ──

    Test timeout of 30000ms exceeded.

    Error: page.fill: Test timeout of 30000ms exceeded.
    Call log:
      - waiting for locator('input[placeholder*="search"]')


      64 |
      65 |     // Enter search query with no results
    > 66 |     await page.fill('input[placeholder*="search"]', 'nonexistent event xyz123');
         |                ^
      67 |     
      68 |     // Click search button
      69 |     await page.click('button[type="submit"]');
        at C:\Users\olive\.cursor\Attendry\src\__tests__\e2e\search-e2e.test.ts:66:16

    attachment #1: screenshot (image/png) ──────────────────────────────────────────────────────────
    ..\..\..\test-results\search-e2e-Search-End-to-E-86e83-ndle-search-with-no-results-chromium\test-failed-1.png
    ────────────────────────────────────────────────────────────────────────────────────────────────

    attachment #2: video (video/webm) ──────────────────────────────────────────────────────────────
    ..\..\..\test-results\search-e2e-Search-End-to-E-86e83-ndle-search-with-no-results-chromium\video.webm
    ────────────────────────────────────────────────────────────────────────────────────────────────

    Error Context: ..\..\..\test-results\search-e2e-Search-End-to-E-86e83-ndle-search-with-no-results-chromium\error-context.md
]]>
</failure>
<system-out>
<![CDATA[
[[ATTACHMENT|search-e2e-Search-End-to-E-86e83-ndle-search-with-no-results-chromium\test-failed-1.png]]

[[ATTACHMENT|search-e2e-Search-End-to-E-86e83-ndle-search-with-no-results-chromium\video.webm]]

[[ATTACHMENT|search-e2e-Search-End-to-E-86e83-ndle-search-with-no-results-chromium\error-context.md]]
]]>
</system-out>
</testcase>
<testcase name="Search End-to-End › should handle search errors gracefully" classname="search-e2e.test.ts" time="30.686">
<failure message="search-e2e.test.ts:78:7 should handle search errors gracefully" type="FAILURE">
<![CDATA[  [chromium] › search-e2e.test.ts:78:7 › Search End-to-End › should handle search errors gracefully 

    Test timeout of 30000ms exceeded.

    Error: page.fill: Test timeout of 30000ms exceeded.
    Call log:
      - waiting for locator('input[placeholder*="search"]')


      82 |
      83 |     // Enter search query
    > 84 |     await page.fill('input[placeholder*="search"]', 'legal conference');
         |                ^
      85 |     
      86 |     // Click search button
      87 |     await page.click('button[type="submit"]');
        at C:\Users\olive\.cursor\Attendry\src\__tests__\e2e\search-e2e.test.ts:84:16

    attachment #1: screenshot (image/png) ──────────────────────────────────────────────────────────
    ..\..\..\test-results\search-e2e-Search-End-to-E-b11cb-le-search-errors-gracefully-chromium\test-failed-1.png
    ────────────────────────────────────────────────────────────────────────────────────────────────

    attachment #2: video (video/webm) ──────────────────────────────────────────────────────────────
    ..\..\..\test-results\search-e2e-Search-End-to-E-b11cb-le-search-errors-gracefully-chromium\video.webm
    ────────────────────────────────────────────────────────────────────────────────────────────────

    Error Context: ..\..\..\test-results\search-e2e-Search-End-to-E-b11cb-le-search-errors-gracefully-chromium\error-context.md
]]>
</failure>
<system-out>
<![CDATA[
[[ATTACHMENT|search-e2e-Search-End-to-E-b11cb-le-search-errors-gracefully-chromium\test-failed-1.png]]

[[ATTACHMENT|search-e2e-Search-End-to-E-b11cb-le-search-errors-gracefully-chromium\video.webm]]

[[ATTACHMENT|search-e2e-Search-End-to-E-b11cb-le-search-errors-gracefully-chromium\error-context.md]]
]]>
</system-out>
</testcase>
<testcase name="Search End-to-End › should perform real-time search" classname="search-e2e.test.ts" time="30.747">
<failure message="search-e2e.test.ts:99:7 should perform real-time search" type="FAILURE">
<![CDATA[  [chromium] › search-e2e.test.ts:99:7 › Search End-to-End › should perform real-time search ───────

    Test timeout of 30000ms exceeded.

    Error: page.click: Test timeout of 30000ms exceeded.
    Call log:
      - waiting for locator('button[data-testid="toggle-advanced-search"]')


      103 |
      104 |     // Toggle advanced search
    > 105 |     await page.click('button[data-testid="toggle-advanced-search"]');
          |                ^
      106 |
      107 |     // Type in search input
      108 |     await page.fill('input[name="query"]', 'legal');
        at C:\Users\olive\.cursor\Attendry\src\__tests__\e2e\search-e2e.test.ts:105:16

    attachment #1: screenshot (image/png) ──────────────────────────────────────────────────────────
    ..\..\..\test-results\search-e2e-Search-End-to-End-should-perform-real-time-search-chromium\test-failed-1.png
    ────────────────────────────────────────────────────────────────────────────────────────────────

    attachment #2: video (video/webm) ──────────────────────────────────────────────────────────────
    ..\..\..\test-results\search-e2e-Search-End-to-End-should-perform-real-time-search-chromium\video.webm
    ────────────────────────────────────────────────────────────────────────────────────────────────

    Error Context: ..\..\..\test-results\search-e2e-Search-End-to-End-should-perform-real-time-search-chromium\error-context.md
]]>
</failure>
<system-out>
<![CDATA[
[[ATTACHMENT|search-e2e-Search-End-to-End-should-perform-real-time-search-chromium\test-failed-1.png]]

[[ATTACHMENT|search-e2e-Search-End-to-End-should-perform-real-time-search-chromium\video.webm]]

[[ATTACHMENT|search-e2e-Search-End-to-End-should-perform-real-time-search-chromium\error-context.md]]
]]>
</system-out>
</testcase>
<testcase name="Search End-to-End › should save search to history" classname="search-e2e.test.ts" time="30.778">
<failure message="search-e2e.test.ts:128:7 should save search to history" type="FAILURE">
<![CDATA[  [chromium] › search-e2e.test.ts:128:7 › Search End-to-End › should save search to history ────────

    Test timeout of 30000ms exceeded.

    Error: page.fill: Test timeout of 30000ms exceeded.
    Call log:
      - waiting for locator('input[placeholder*="search"]')


      132 |
      133 |     // Enter search query
    > 134 |     await page.fill('input[placeholder*="search"]', 'legal conference');
          |                ^
      135 |     
      136 |     // Click search button
      137 |     await page.click('button[type="submit"]');
        at C:\Users\olive\.cursor\Attendry\src\__tests__\e2e\search-e2e.test.ts:134:16

    attachment #1: screenshot (image/png) ──────────────────────────────────────────────────────────
    ..\..\..\test-results\search-e2e-Search-End-to-End-should-save-search-to-history-chromium\test-failed-1.png
    ────────────────────────────────────────────────────────────────────────────────────────────────

    attachment #2: video (video/webm) ──────────────────────────────────────────────────────────────
    ..\..\..\test-results\search-e2e-Search-End-to-End-should-save-search-to-history-chromium\video.webm
    ────────────────────────────────────────────────────────────────────────────────────────────────

    Error Context: ..\..\..\test-results\search-e2e-Search-End-to-End-should-save-search-to-history-chromium\error-context.md
]]>
</failure>
<system-out>
<![CDATA[
[[ATTACHMENT|search-e2e-Search-End-to-End-should-save-search-to-history-chromium\test-failed-1.png]]

[[ATTACHMENT|search-e2e-Search-End-to-End-should-save-search-to-history-chromium\video.webm]]

[[ATTACHMENT|search-e2e-Search-End-to-End-should-save-search-to-history-chromium\error-context.md]]
]]>
</system-out>
</testcase>
<testcase name="Search End-to-End › should load search from history" classname="search-e2e.test.ts" time="30.822">
<failure message="search-e2e.test.ts:147:7 should load search from history" type="FAILURE">
<![CDATA[  [chromium] › search-e2e.test.ts:147:7 › Search End-to-End › should load search from history ──────

    Test timeout of 30000ms exceeded.

    Error: page.click: Test timeout of 30000ms exceeded.
    Call log:
      - waiting for locator('[data-testid="search-history-item"]:first-child')


      151 |
      152 |     // Click on search history item
    > 153 |     await page.click('[data-testid="search-history-item"]:first-child');
          |                ^
      154 |
      155 |     // Wait for results
      156 |     await page.waitForSelector('[data-testid="search-results"]', { timeout: 10000 });
        at C:\Users\olive\.cursor\Attendry\src\__tests__\e2e\search-e2e.test.ts:153:16

    attachment #1: screenshot (image/png) ──────────────────────────────────────────────────────────
    ..\..\..\test-results\search-e2e-Search-End-to-End-should-load-search-from-history-chromium\test-failed-1.png
    ────────────────────────────────────────────────────────────────────────────────────────────────

    attachment #2: video (video/webm) ──────────────────────────────────────────────────────────────
    ..\..\..\test-results\search-e2e-Search-End-to-End-should-load-search-from-history-chromium\video.webm
    ────────────────────────────────────────────────────────────────────────────────────────────────

    Error Context: ..\..\..\test-results\search-e2e-Search-End-to-End-should-load-search-from-history-chromium\error-context.md
]]>
</failure>
<system-out>
<![CDATA[
[[ATTACHMENT|search-e2e-Search-End-to-End-should-load-search-from-history-chromium\test-failed-1.png]]

[[ATTACHMENT|search-e2e-Search-End-to-End-should-load-search-from-history-chromium\video.webm]]

[[ATTACHMENT|search-e2e-Search-End-to-End-should-load-search-from-history-chromium\error-context.md]]
]]>
</system-out>
</testcase>
<testcase name="Search End-to-End › should clear search history" classname="search-e2e.test.ts" time="30.811">
<failure message="search-e2e.test.ts:163:7 should clear search history" type="FAILURE">
<![CDATA[  [chromium] › search-e2e.test.ts:163:7 › Search End-to-End › should clear search history ──────────

    Test timeout of 30000ms exceeded.

    Error: page.click: Test timeout of 30000ms exceeded.
    Call log:
      - waiting for locator('button[data-testid="clear-search-history"]')


      167 |
      168 |     // Click clear history button
    > 169 |     await page.click('button[data-testid="clear-search-history"]');
          |                ^
      170 |
      171 |     // Verify history is cleared
      172 |     const historyItems = await page.locator('[data-testid="search-history-item"]');
        at C:\Users\olive\.cursor\Attendry\src\__tests__\e2e\search-e2e.test.ts:169:16

    attachment #1: screenshot (image/png) ──────────────────────────────────────────────────────────
    ..\..\..\test-results\search-e2e-Search-End-to-End-should-clear-search-history-chromium\test-failed-1.png
    ────────────────────────────────────────────────────────────────────────────────────────────────

    attachment #2: video (video/webm) ──────────────────────────────────────────────────────────────
    ..\..\..\test-results\search-e2e-Search-End-to-End-should-clear-search-history-chromium\video.webm
    ────────────────────────────────────────────────────────────────────────────────────────────────

    Error Context: ..\..\..\test-results\search-e2e-Search-End-to-End-should-clear-search-history-chromium\error-context.md
]]>
</failure>
<system-out>
<![CDATA[
[[ATTACHMENT|search-e2e-Search-End-to-End-should-clear-search-history-chromium\test-failed-1.png]]

[[ATTACHMENT|search-e2e-Search-End-to-End-should-clear-search-history-chromium\video.webm]]

[[ATTACHMENT|search-e2e-Search-End-to-End-should-clear-search-history-chromium\error-context.md]]
]]>
</system-out>
</testcase>
<testcase name="Search End-to-End › should handle search pagination" classname="search-e2e.test.ts" time="30.724">
<failure message="search-e2e.test.ts:176:7 should handle search pagination" type="FAILURE">
<![CDATA[  [chromium] › search-e2e.test.ts:176:7 › Search End-to-End › should handle search pagination ──────

    Test timeout of 30000ms exceeded.

    Error: page.fill: Test timeout of 30000ms exceeded.
    Call log:
      - waiting for locator('input[placeholder*="search"]')


      180 |
      181 |     // Enter search query
    > 182 |     await page.fill('input[placeholder*="search"]', 'legal conference');
          |                ^
      183 |     
      184 |     // Click search button
      185 |     await page.click('button[type="submit"]');
        at C:\Users\olive\.cursor\Attendry\src\__tests__\e2e\search-e2e.test.ts:182:16

    attachment #1: screenshot (image/png) ──────────────────────────────────────────────────────────
    ..\..\..\test-results\search-e2e-Search-End-to-End-should-handle-search-pagination-chromium\test-failed-1.png
    ────────────────────────────────────────────────────────────────────────────────────────────────

    attachment #2: video (video/webm) ──────────────────────────────────────────────────────────────
    ..\..\..\test-results\search-e2e-Search-End-to-End-should-handle-search-pagination-chromium\video.webm
    ────────────────────────────────────────────────────────────────────────────────────────────────

    Error Context: ..\..\..\test-results\search-e2e-Search-End-to-End-should-handle-search-pagination-chromium\error-context.md
]]>
</failure>
<system-out>
<![CDATA[
[[ATTACHMENT|search-e2e-Search-End-to-End-should-handle-search-pagination-chromium\test-failed-1.png]]

[[ATTACHMENT|search-e2e-Search-End-to-End-should-handle-search-pagination-chromium\video.webm]]

[[ATTACHMENT|search-e2e-Search-End-to-End-should-handle-search-pagination-chromium\error-context.md]]
]]>
</system-out>
</testcase>
<testcase name="Search End-to-End › should handle search filters" classname="search-e2e.test.ts" time="30.695">
<failure message="search-e2e.test.ts:205:7 should handle search filters" type="FAILURE">
<![CDATA[  [chromium] › search-e2e.test.ts:205:7 › Search End-to-End › should handle search filters ─────────

    Test timeout of 30000ms exceeded.

    Error: page.click: Test timeout of 30000ms exceeded.
    Call log:
      - waiting for locator('button[data-testid="toggle-advanced-search"]')


      209 |
      210 |     // Toggle advanced search
    > 211 |     await page.click('button[data-testid="toggle-advanced-search"]');
          |                ^
      212 |
      213 |     // Fill search form
      214 |     await page.fill('input[name="query"]', 'legal conference');
        at C:\Users\olive\.cursor\Attendry\src\__tests__\e2e\search-e2e.test.ts:211:16

    attachment #1: screenshot (image/png) ──────────────────────────────────────────────────────────
    ..\..\..\test-results\search-e2e-Search-End-to-End-should-handle-search-filters-chromium\test-failed-1.png
    ────────────────────────────────────────────────────────────────────────────────────────────────

    attachment #2: video (video/webm) ──────────────────────────────────────────────────────────────
    ..\..\..\test-results\search-e2e-Search-End-to-End-should-handle-search-filters-chromium\video.webm
    ────────────────────────────────────────────────────────────────────────────────────────────────

    Error Context: ..\..\..\test-results\search-e2e-Search-End-to-End-should-handle-search-filters-chromium\error-context.md
]]>
</failure>
<system-out>
<![CDATA[
[[ATTACHMENT|search-e2e-Search-End-to-End-should-handle-search-filters-chromium\test-failed-1.png]]

[[ATTACHMENT|search-e2e-Search-End-to-End-should-handle-search-filters-chromium\video.webm]]

[[ATTACHMENT|search-e2e-Search-End-to-End-should-handle-search-filters-chromium\error-context.md]]
]]>
</system-out>
</testcase>
<testcase name="Search End-to-End › should handle search with special characters" classname="search-e2e.test.ts" time="31.212">
<failure message="search-e2e.test.ts:236:7 should handle search with special characters" type="FAILURE">
<![CDATA[  [chromium] › search-e2e.test.ts:236:7 › Search End-to-End › should handle search with special characters 

    Test timeout of 30000ms exceeded.

    Error: page.fill: Test timeout of 30000ms exceeded.
    Call log:
      - waiting for locator('input[placeholder*="search"]')


      240 |
      241 |     // Enter search query with special characters
    > 242 |     await page.fill('input[placeholder*="search"]', 'legal & compliance conference');
          |                ^
      243 |     
      244 |     // Click search button
      245 |     await page.click('button[type="submit"]');
        at C:\Users\olive\.cursor\Attendry\src\__tests__\e2e\search-e2e.test.ts:242:16

    attachment #1: screenshot (image/png) ──────────────────────────────────────────────────────────
    ..\..\..\test-results\search-e2e-Search-End-to-E-e8f6a-rch-with-special-characters-chromium\test-failed-1.png
    ────────────────────────────────────────────────────────────────────────────────────────────────

    attachment #2: video (video/webm) ──────────────────────────────────────────────────────────────
    ..\..\..\test-results\search-e2e-Search-End-to-E-e8f6a-rch-with-special-characters-chromium\video.webm
    ────────────────────────────────────────────────────────────────────────────────────────────────

    Error Context: ..\..\..\test-results\search-e2e-Search-End-to-E-e8f6a-rch-with-special-characters-chromium\error-context.md
]]>
</failure>
<system-out>
<![CDATA[
[[ATTACHMENT|search-e2e-Search-End-to-E-e8f6a-rch-with-special-characters-chromium\test-failed-1.png]]

[[ATTACHMENT|search-e2e-Search-End-to-E-e8f6a-rch-with-special-characters-chromium\video.webm]]

[[ATTACHMENT|search-e2e-Search-End-to-E-e8f6a-rch-with-special-characters-chromium\error-context.md]]
]]>
</system-out>
</testcase>
<testcase name="Search End-to-End › should handle search with long query" classname="search-e2e.test.ts" time="30.122">
<failure message="search-e2e.test.ts:255:7 should handle search with long query" type="FAILURE">
<![CDATA[  [chromium] › search-e2e.test.ts:255:7 › Search End-to-End › should handle search with long query ─

    Test timeout of 30000ms exceeded.

    Error: page.fill: Test timeout of 30000ms exceeded.
    Call log:
      - waiting for locator('input[placeholder*="search"]')


      260 |     // Enter long search query
      261 |     const longQuery = 'legal compliance conference munich germany 2024 professional development';
    > 262 |     await page.fill('input[placeholder*="search"]', longQuery);
          |                ^
      263 |     
      264 |     // Click search button
      265 |     await page.click('button[type="submit"]');
        at C:\Users\olive\.cursor\Attendry\src\__tests__\e2e\search-e2e.test.ts:262:16

    attachment #1: screenshot (image/png) ──────────────────────────────────────────────────────────
    ..\..\..\test-results\search-e2e-Search-End-to-E-be7a9-ndle-search-with-long-query-chromium\test-failed-1.png
    ────────────────────────────────────────────────────────────────────────────────────────────────

    attachment #2: video (video/webm) ──────────────────────────────────────────────────────────────
    ..\..\..\test-results\search-e2e-Search-End-to-E-be7a9-ndle-search-with-long-query-chromium\video.webm
    ────────────────────────────────────────────────────────────────────────────────────────────────

    Error Context: ..\..\..\test-results\search-e2e-Search-End-to-E-be7a9-ndle-search-with-long-query-chromium\error-context.md
]]>
</failure>
<system-out>
<![CDATA[
[[ATTACHMENT|search-e2e-Search-End-to-E-be7a9-ndle-search-with-long-query-chromium\test-failed-1.png]]

[[ATTACHMENT|search-e2e-Search-End-to-E-be7a9-ndle-search-with-long-query-chromium\video.webm]]

[[ATTACHMENT|search-e2e-Search-End-to-E-be7a9-ndle-search-with-long-query-chromium\error-context.md]]
]]>
</system-out>
</testcase>
</testsuite>
<testsuite name="auth-e2e.test.ts" timestamp="2025-09-27T15:31:47.990Z" hostname="firefox" tests="14" failures="14" skipped="0" time="400.794" errors="0">
<testcase name="Authentication End-to-End › should display login page" classname="auth-e2e.test.ts" time="9.071">
<failure message="auth-e2e.test.ts:14:7 should display login page" type="FAILURE">
<![CDATA[  [firefox] › auth-e2e.test.ts:14:7 › Authentication End-to-End › should display login page ────────

    Error: expect(locator).toBeVisible() failed

    Locator:  locator('form[data-testid="login-form"]')
    Expected: visible
    Received: <element(s) not found>
    Timeout:  5000ms

    Call log:
      - Expect "toBeVisible" with timeout 5000ms
      - waiting for locator('form[data-testid="login-form"]')


      18 |
      19 |     // Verify login form is displayed
    > 20 |     await expect(page.locator('form[data-testid="login-form"]')).toBeVisible();
         |                                                                  ^
      21 |     await expect(page.locator('input[name="email"]')).toBeVisible();
      22 |     await expect(page.locator('input[name="password"]')).toBeVisible();
      23 |     await expect(page.locator('button[type="submit"]')).toBeVisible();
        at C:\Users\olive\.cursor\Attendry\src\__tests__\e2e\auth-e2e.test.ts:20:66

    attachment #1: screenshot (image/png) ──────────────────────────────────────────────────────────
    ..\..\..\test-results\auth-e2e-Authentication-End-to-End-should-display-login-page-firefox\test-failed-1.png
    ────────────────────────────────────────────────────────────────────────────────────────────────

    attachment #2: video (video/webm) ──────────────────────────────────────────────────────────────
    ..\..\..\test-results\auth-e2e-Authentication-End-to-End-should-display-login-page-firefox\video.webm
    ────────────────────────────────────────────────────────────────────────────────────────────────

    Error Context: ..\..\..\test-results\auth-e2e-Authentication-End-to-End-should-display-login-page-firefox\error-context.md
]]>
</failure>
<system-out>
<![CDATA[
[[ATTACHMENT|auth-e2e-Authentication-End-to-End-should-display-login-page-firefox\test-failed-1.png]]

[[ATTACHMENT|auth-e2e-Authentication-End-to-End-should-display-login-page-firefox\video.webm]]

[[ATTACHMENT|auth-e2e-Authentication-End-to-End-should-display-login-page-firefox\error-context.md]]
]]>
</system-out>
</testcase>
<testcase name="Authentication End-to-End › should handle login with valid credentials" classname="auth-e2e.test.ts" time="30.171">
<failure message="auth-e2e.test.ts:26:7 should handle login with valid credentials" type="FAILURE">
<![CDATA[  [firefox] › auth-e2e.test.ts:26:7 › Authentication End-to-End › should handle login with valid credentials 

    Test timeout of 30000ms exceeded.

    Error: page.fill: Test timeout of 30000ms exceeded.
    Call log:
      - waiting for locator('input[name="password"]')


      31 |     // Fill login form
      32 |     await page.fill('input[name="email"]', 'test@example.com');
    > 33 |     await page.fill('input[name="password"]', 'password123');
         |                ^
      34 |
      35 |     // Submit form
      36 |     await page.click('button[type="submit"]');
        at C:\Users\olive\.cursor\Attendry\src\__tests__\e2e\auth-e2e.test.ts:33:16

    attachment #1: screenshot (image/png) ──────────────────────────────────────────────────────────
    ..\..\..\test-results\auth-e2e-Authentication-En-f027a-ogin-with-valid-credentials-firefox\test-failed-1.png
    ────────────────────────────────────────────────────────────────────────────────────────────────

    attachment #2: video (video/webm) ──────────────────────────────────────────────────────────────
    ..\..\..\test-results\auth-e2e-Authentication-En-f027a-ogin-with-valid-credentials-firefox\video.webm
    ────────────────────────────────────────────────────────────────────────────────────────────────

    Error Context: ..\..\..\test-results\auth-e2e-Authentication-En-f027a-ogin-with-valid-credentials-firefox\error-context.md
]]>
</failure>
<system-out>
<![CDATA[
[[ATTACHMENT|auth-e2e-Authentication-En-f027a-ogin-with-valid-credentials-firefox\test-failed-1.png]]

[[ATTACHMENT|auth-e2e-Authentication-En-f027a-ogin-with-valid-credentials-firefox\video.webm]]

[[ATTACHMENT|auth-e2e-Authentication-En-f027a-ogin-with-valid-credentials-firefox\error-context.md]]
]]>
</system-out>
</testcase>
<testcase name="Authentication End-to-End › should handle login with invalid credentials" classname="auth-e2e.test.ts" time="30.123">
<failure message="auth-e2e.test.ts:48:7 should handle login with invalid credentials" type="FAILURE">
<![CDATA[  [firefox] › auth-e2e.test.ts:48:7 › Authentication End-to-End › should handle login with invalid credentials 

    Test timeout of 30000ms exceeded.

    Error: page.fill: Test timeout of 30000ms exceeded.
    Call log:
      - waiting for locator('input[name="password"]')


      53 |     // Fill login form with invalid credentials
      54 |     await page.fill('input[name="email"]', 'invalid@example.com');
    > 55 |     await page.fill('input[name="password"]', 'wrongpassword');
         |                ^
      56 |
      57 |     // Submit form
      58 |     await page.click('button[type="submit"]');
        at C:\Users\olive\.cursor\Attendry\src\__tests__\e2e\auth-e2e.test.ts:55:16

    attachment #1: screenshot (image/png) ──────────────────────────────────────────────────────────
    ..\..\..\test-results\auth-e2e-Authentication-En-a659b-in-with-invalid-credentials-firefox\test-failed-1.png
    ────────────────────────────────────────────────────────────────────────────────────────────────

    attachment #2: video (video/webm) ──────────────────────────────────────────────────────────────
    ..\..\..\test-results\auth-e2e-Authentication-En-a659b-in-with-invalid-credentials-firefox\video.webm
    ────────────────────────────────────────────────────────────────────────────────────────────────

    Error Context: ..\..\..\test-results\auth-e2e-Authentication-En-a659b-in-with-invalid-credentials-firefox\error-context.md
]]>
</failure>
<system-out>
<![CDATA[
[[ATTACHMENT|auth-e2e-Authentication-En-a659b-in-with-invalid-credentials-firefox\test-failed-1.png]]

[[ATTACHMENT|auth-e2e-Authentication-En-a659b-in-with-invalid-credentials-firefox\video.webm]]

[[ATTACHMENT|auth-e2e-Authentication-En-a659b-in-with-invalid-credentials-firefox\error-context.md]]
]]>
</system-out>
</testcase>
<testcase name="Authentication End-to-End › should handle login with empty fields" classname="auth-e2e.test.ts" time="30.1">
<failure message="auth-e2e.test.ts:67:7 should handle login with empty fields" type="FAILURE">
<![CDATA[  [firefox] › auth-e2e.test.ts:67:7 › Authentication End-to-End › should handle login with empty fields 

    Test timeout of 30000ms exceeded.

    Error: page.click: Test timeout of 30000ms exceeded.
    Call log:
      - waiting for locator('button[type="submit"]')


      71 |
      72 |     // Submit form without filling fields
    > 73 |     await page.click('button[type="submit"]');
         |                ^
      74 |
      75 |     // Wait for validation errors
      76 |     await page.waitForSelector('[data-testid="validation-error"]', { timeout: 5000 });
        at C:\Users\olive\.cursor\Attendry\src\__tests__\e2e\auth-e2e.test.ts:73:16

    attachment #1: screenshot (image/png) ──────────────────────────────────────────────────────────
    ..\..\..\test-results\auth-e2e-Authentication-En-39095-dle-login-with-empty-fields-firefox\test-failed-1.png
    ────────────────────────────────────────────────────────────────────────────────────────────────

    attachment #2: video (video/webm) ──────────────────────────────────────────────────────────────
    ..\..\..\test-results\auth-e2e-Authentication-En-39095-dle-login-with-empty-fields-firefox\video.webm
    ────────────────────────────────────────────────────────────────────────────────────────────────

    Error Context: ..\..\..\test-results\auth-e2e-Authentication-En-39095-dle-login-with-empty-fields-firefox\error-context.md
]]>
</failure>
<system-out>
<![CDATA[
[[ATTACHMENT|auth-e2e-Authentication-En-39095-dle-login-with-empty-fields-firefox\test-failed-1.png]]

[[ATTACHMENT|auth-e2e-Authentication-En-39095-dle-login-with-empty-fields-firefox\video.webm]]

[[ATTACHMENT|auth-e2e-Authentication-En-39095-dle-login-with-empty-fields-firefox\error-context.md]]
]]>
</system-out>
</testcase>
<testcase name="Authentication End-to-End › should handle login with invalid email format" classname="auth-e2e.test.ts" time="30.125">
<failure message="auth-e2e.test.ts:83:7 should handle login with invalid email format" type="FAILURE">
<![CDATA[  [firefox] › auth-e2e.test.ts:83:7 › Authentication End-to-End › should handle login with invalid email format 

    Test timeout of 30000ms exceeded.

    Error: page.fill: Test timeout of 30000ms exceeded.
    Call log:
      - waiting for locator('input[name="password"]')


      88 |     // Fill login form with invalid email
      89 |     await page.fill('input[name="email"]', 'invalid-email');
    > 90 |     await page.fill('input[name="password"]', 'password123');
         |                ^
      91 |
      92 |     // Submit form
      93 |     await page.click('button[type="submit"]');
        at C:\Users\olive\.cursor\Attendry\src\__tests__\e2e\auth-e2e.test.ts:90:16

    attachment #1: screenshot (image/png) ──────────────────────────────────────────────────────────
    ..\..\..\test-results\auth-e2e-Authentication-En-941e6-n-with-invalid-email-format-firefox\test-failed-1.png
    ────────────────────────────────────────────────────────────────────────────────────────────────

    attachment #2: video (video/webm) ──────────────────────────────────────────────────────────────
    ..\..\..\test-results\auth-e2e-Authentication-En-941e6-n-with-invalid-email-format-firefox\video.webm
    ────────────────────────────────────────────────────────────────────────────────────────────────

    Error Context: ..\..\..\test-results\auth-e2e-Authentication-En-941e6-n-with-invalid-email-format-firefox\error-context.md
]]>
</failure>
<system-out>
<![CDATA[
[[ATTACHMENT|auth-e2e-Authentication-En-941e6-n-with-invalid-email-format-firefox\test-failed-1.png]]

[[ATTACHMENT|auth-e2e-Authentication-En-941e6-n-with-invalid-email-format-firefox\video.webm]]

[[ATTACHMENT|auth-e2e-Authentication-En-941e6-n-with-invalid-email-format-firefox\error-context.md]]
]]>
</system-out>
</testcase>
<testcase name="Authentication End-to-End › should handle login with short password" classname="auth-e2e.test.ts" time="30.135">
<failure message="auth-e2e.test.ts:102:7 should handle login with short password" type="FAILURE">
<![CDATA[  [firefox] › auth-e2e.test.ts:102:7 › Authentication End-to-End › should handle login with short password 

    Test timeout of 30000ms exceeded.

    Error: page.fill: Test timeout of 30000ms exceeded.
    Call log:
      - waiting for locator('input[name="password"]')


      107 |     // Fill login form with short password
      108 |     await page.fill('input[name="email"]', 'test@example.com');
    > 109 |     await page.fill('input[name="password"]', '123');
          |                ^
      110 |
      111 |     // Submit form
      112 |     await page.click('button[type="submit"]');
        at C:\Users\olive\.cursor\Attendry\src\__tests__\e2e\auth-e2e.test.ts:109:16

    attachment #1: screenshot (image/png) ──────────────────────────────────────────────────────────
    ..\..\..\test-results\auth-e2e-Authentication-En-869e1-e-login-with-short-password-firefox\test-failed-1.png
    ────────────────────────────────────────────────────────────────────────────────────────────────

    attachment #2: video (video/webm) ──────────────────────────────────────────────────────────────
    ..\..\..\test-results\auth-e2e-Authentication-En-869e1-e-login-with-short-password-firefox\video.webm
    ────────────────────────────────────────────────────────────────────────────────────────────────

    Error Context: ..\..\..\test-results\auth-e2e-Authentication-En-869e1-e-login-with-short-password-firefox\error-context.md
]]>
</failure>
<system-out>
<![CDATA[
[[ATTACHMENT|auth-e2e-Authentication-En-869e1-e-login-with-short-password-firefox\test-failed-1.png]]

[[ATTACHMENT|auth-e2e-Authentication-En-869e1-e-login-with-short-password-firefox\video.webm]]

[[ATTACHMENT|auth-e2e-Authentication-En-869e1-e-login-with-short-password-firefox\error-context.md]]
]]>
</system-out>
</testcase>
<testcase name="Authentication End-to-End › should handle login with special characters in email" classname="auth-e2e.test.ts" time="30.093">
<failure message="auth-e2e.test.ts:121:7 should handle login with special characters in email" type="FAILURE">
<![CDATA[  [firefox] › auth-e2e.test.ts:121:7 › Authentication End-to-End › should handle login with special characters in email 

    Test timeout of 30000ms exceeded.

    Error: page.fill: Test timeout of 30000ms exceeded.
    Call log:
      - waiting for locator('input[name="password"]')


      126 |     // Fill login form with special characters in email
      127 |     await page.fill('input[name="email"]', 'test+tag@example.com');
    > 128 |     await page.fill('input[name="password"]', 'password123');
          |                ^
      129 |
      130 |     // Submit form
      131 |     await page.click('button[type="submit"]');
        at C:\Users\olive\.cursor\Attendry\src\__tests__\e2e\auth-e2e.test.ts:128:16

    attachment #1: screenshot (image/png) ──────────────────────────────────────────────────────────
    ..\..\..\test-results\auth-e2e-Authentication-En-3aa08-special-characters-in-email-firefox\test-failed-1.png
    ────────────────────────────────────────────────────────────────────────────────────────────────

    attachment #2: video (video/webm) ──────────────────────────────────────────────────────────────
    ..\..\..\test-results\auth-e2e-Authentication-En-3aa08-special-characters-in-email-firefox\video.webm
    ────────────────────────────────────────────────────────────────────────────────────────────────

    Error Context: ..\..\..\test-results\auth-e2e-Authentication-En-3aa08-special-characters-in-email-firefox\error-context.md
]]>
</failure>
<system-out>
<![CDATA[
[[ATTACHMENT|auth-e2e-Authentication-En-3aa08-special-characters-in-email-firefox\test-failed-1.png]]

[[ATTACHMENT|auth-e2e-Authentication-En-3aa08-special-characters-in-email-firefox\video.webm]]

[[ATTACHMENT|auth-e2e-Authentication-En-3aa08-special-characters-in-email-firefox\error-context.md]]
]]>
</system-out>
</testcase>
<testcase name="Authentication End-to-End › should handle login with special characters in password" classname="auth-e2e.test.ts" time="30.141">
<failure message="auth-e2e.test.ts:143:7 should handle login with special characters in password" type="FAILURE">
<![CDATA[  [firefox] › auth-e2e.test.ts:143:7 › Authentication End-to-End › should handle login with special characters in password 

    Test timeout of 30000ms exceeded.

    Error: page.fill: Test timeout of 30000ms exceeded.
    Call log:
      - waiting for locator('input[name="password"]')


      148 |     // Fill login form with special characters in password
      149 |     await page.fill('input[name="email"]', 'test@example.com');
    > 150 |     await page.fill('input[name="password"]', 'password!@#$%^&*()');
          |                ^
      151 |
      152 |     // Submit form
      153 |     await page.click('button[type="submit"]');
        at C:\Users\olive\.cursor\Attendry\src\__tests__\e2e\auth-e2e.test.ts:150:16

    attachment #1: screenshot (image/png) ──────────────────────────────────────────────────────────
    ..\..\..\test-results\auth-e2e-Authentication-En-03ea1-cial-characters-in-password-firefox\test-failed-1.png
    ────────────────────────────────────────────────────────────────────────────────────────────────

    attachment #2: video (video/webm) ──────────────────────────────────────────────────────────────
    ..\..\..\test-results\auth-e2e-Authentication-En-03ea1-cial-characters-in-password-firefox\video.webm
    ────────────────────────────────────────────────────────────────────────────────────────────────

    Error Context: ..\..\..\test-results\auth-e2e-Authentication-En-03ea1-cial-characters-in-password-firefox\error-context.md
]]>
</failure>
<system-out>
<![CDATA[
[[ATTACHMENT|auth-e2e-Authentication-En-03ea1-cial-characters-in-password-firefox\test-failed-1.png]]

[[ATTACHMENT|auth-e2e-Authentication-En-03ea1-cial-characters-in-password-firefox\video.webm]]

[[ATTACHMENT|auth-e2e-Authentication-En-03ea1-cial-characters-in-password-firefox\error-context.md]]
]]>
</system-out>
</testcase>
<testcase name="Authentication End-to-End › should handle login with very long email" classname="auth-e2e.test.ts" time="30.11">
<failure message="auth-e2e.test.ts:165:7 should handle login with very long email" type="FAILURE">
<![CDATA[  [firefox] › auth-e2e.test.ts:165:7 › Authentication End-to-End › should handle login with very long email 

    Test timeout of 30000ms exceeded.

    Error: page.fill: Test timeout of 30000ms exceeded.
    Call log:
      - waiting for locator('input[name="password"]')


      171 |     const longEmail = 'a'.repeat(100) + '@example.com';
      172 |     await page.fill('input[name="email"]', longEmail);
    > 173 |     await page.fill('input[name="password"]', 'password123');
          |                ^
      174 |
      175 |     // Submit form
      176 |     await page.click('button[type="submit"]');
        at C:\Users\olive\.cursor\Attendry\src\__tests__\e2e\auth-e2e.test.ts:173:16

    attachment #1: screenshot (image/png) ──────────────────────────────────────────────────────────
    ..\..\..\test-results\auth-e2e-Authentication-En-32b65--login-with-very-long-email-firefox\test-failed-1.png
    ────────────────────────────────────────────────────────────────────────────────────────────────

    attachment #2: video (video/webm) ──────────────────────────────────────────────────────────────
    ..\..\..\test-results\auth-e2e-Authentication-En-32b65--login-with-very-long-email-firefox\video.webm
    ────────────────────────────────────────────────────────────────────────────────────────────────

    Error Context: ..\..\..\test-results\auth-e2e-Authentication-En-32b65--login-with-very-long-email-firefox\error-context.md
]]>
</failure>
<system-out>
<![CDATA[
[[ATTACHMENT|auth-e2e-Authentication-En-32b65--login-with-very-long-email-firefox\test-failed-1.png]]

[[ATTACHMENT|auth-e2e-Authentication-En-32b65--login-with-very-long-email-firefox\video.webm]]

[[ATTACHMENT|auth-e2e-Authentication-En-32b65--login-with-very-long-email-firefox\error-context.md]]
]]>
</system-out>
</testcase>
<testcase name="Authentication End-to-End › should handle login with very long password" classname="auth-e2e.test.ts" time="30.104">
<failure message="auth-e2e.test.ts:185:7 should handle login with very long password" type="FAILURE">
<![CDATA[  [firefox] › auth-e2e.test.ts:185:7 › Authentication End-to-End › should handle login with very long password 

    Test timeout of 30000ms exceeded.

    Error: page.fill: Test timeout of 30000ms exceeded.
    Call log:
      - waiting for locator('input[name="password"]')


      191 |     const longPassword = 'a'.repeat(1000);
      192 |     await page.fill('input[name="email"]', 'test@example.com');
    > 193 |     await page.fill('input[name="password"]', longPassword);
          |                ^
      194 |
      195 |     // Submit form
      196 |     await page.click('button[type="submit"]');
        at C:\Users\olive\.cursor\Attendry\src\__tests__\e2e\auth-e2e.test.ts:193:16

    attachment #1: screenshot (image/png) ──────────────────────────────────────────────────────────
    ..\..\..\test-results\auth-e2e-Authentication-En-19f55-gin-with-very-long-password-firefox\test-failed-1.png
    ────────────────────────────────────────────────────────────────────────────────────────────────

    attachment #2: video (video/webm) ──────────────────────────────────────────────────────────────
    ..\..\..\test-results\auth-e2e-Authentication-En-19f55-gin-with-very-long-password-firefox\video.webm
    ────────────────────────────────────────────────────────────────────────────────────────────────

    Error Context: ..\..\..\test-results\auth-e2e-Authentication-En-19f55-gin-with-very-long-password-firefox\error-context.md
]]>
</failure>
<system-out>
<![CDATA[
[[ATTACHMENT|auth-e2e-Authentication-En-19f55-gin-with-very-long-password-firefox\test-failed-1.png]]

[[ATTACHMENT|auth-e2e-Authentication-En-19f55-gin-with-very-long-password-firefox\video.webm]]

[[ATTACHMENT|auth-e2e-Authentication-En-19f55-gin-with-very-long-password-firefox\error-context.md]]
]]>
</system-out>
</testcase>
<testcase name="Authentication End-to-End › should handle login with SQL injection attempt" classname="auth-e2e.test.ts" time="30.098">
<failure message="auth-e2e.test.ts:205:7 should handle login with SQL injection attempt" type="FAILURE">
<![CDATA[  [firefox] › auth-e2e.test.ts:205:7 › Authentication End-to-End › should handle login with SQL injection attempt 

    Test timeout of 30000ms exceeded.

    Error: page.fill: Test timeout of 30000ms exceeded.
    Call log:
      - waiting for locator('input[name="password"]')


      210 |     // Fill login form with SQL injection attempt
      211 |     await page.fill('input[name="email"]', "'; DROP TABLE users; --");
    > 212 |     await page.fill('input[name="password"]', "'; DROP TABLE users; --");
          |                ^
      213 |
      214 |     // Submit form
      215 |     await page.click('button[type="submit"]');
        at C:\Users\olive\.cursor\Attendry\src\__tests__\e2e\auth-e2e.test.ts:212:16

    attachment #1: screenshot (image/png) ──────────────────────────────────────────────────────────
    ..\..\..\test-results\auth-e2e-Authentication-En-331a5--with-SQL-injection-attempt-firefox\test-failed-1.png
    ────────────────────────────────────────────────────────────────────────────────────────────────

    attachment #2: video (video/webm) ──────────────────────────────────────────────────────────────
    ..\..\..\test-results\auth-e2e-Authentication-En-331a5--with-SQL-injection-attempt-firefox\video.webm
    ────────────────────────────────────────────────────────────────────────────────────────────────

    Error Context: ..\..\..\test-results\auth-e2e-Authentication-En-331a5--with-SQL-injection-attempt-firefox\error-context.md
]]>
</failure>
<system-out>
<![CDATA[
[[ATTACHMENT|auth-e2e-Authentication-En-331a5--with-SQL-injection-attempt-firefox\test-failed-1.png]]

[[ATTACHMENT|auth-e2e-Authentication-En-331a5--with-SQL-injection-attempt-firefox\video.webm]]

[[ATTACHMENT|auth-e2e-Authentication-En-331a5--with-SQL-injection-attempt-firefox\error-context.md]]
]]>
</system-out>
</testcase>
<testcase name="Authentication End-to-End › should handle login with XSS attempt" classname="auth-e2e.test.ts" time="30.083">
<failure message="auth-e2e.test.ts:224:7 should handle login with XSS attempt" type="FAILURE">
<![CDATA[  [firefox] › auth-e2e.test.ts:224:7 › Authentication End-to-End › should handle login with XSS attempt 

    Test timeout of 30000ms exceeded.

    Error: page.fill: Test timeout of 30000ms exceeded.
    Call log:
      - waiting for locator('input[name="password"]')


      229 |     // Fill login form with XSS attempt
      230 |     await page.fill('input[name="email"]', '<script>alert("xss")</script>');
    > 231 |     await page.fill('input[name="password"]', '<script>alert("xss")</script>');
          |                ^
      232 |
      233 |     // Submit form
      234 |     await page.click('button[type="submit"]');
        at C:\Users\olive\.cursor\Attendry\src\__tests__\e2e\auth-e2e.test.ts:231:16

    attachment #1: screenshot (image/png) ──────────────────────────────────────────────────────────
    ..\..\..\test-results\auth-e2e-Authentication-En-07292-ndle-login-with-XSS-attempt-firefox\test-failed-1.png
    ────────────────────────────────────────────────────────────────────────────────────────────────

    attachment #2: video (video/webm) ──────────────────────────────────────────────────────────────
    ..\..\..\test-results\auth-e2e-Authentication-En-07292-ndle-login-with-XSS-attempt-firefox\video.webm
    ────────────────────────────────────────────────────────────────────────────────────────────────

    Error Context: ..\..\..\test-results\auth-e2e-Authentication-En-07292-ndle-login-with-XSS-attempt-firefox\error-context.md
]]>
</failure>
<system-out>
<![CDATA[
[[ATTACHMENT|auth-e2e-Authentication-En-07292-ndle-login-with-XSS-attempt-firefox\test-failed-1.png]]

[[ATTACHMENT|auth-e2e-Authentication-En-07292-ndle-login-with-XSS-attempt-firefox\video.webm]]

[[ATTACHMENT|auth-e2e-Authentication-En-07292-ndle-login-with-XSS-attempt-firefox\error-context.md]]
]]>
</system-out>
</testcase>
<testcase name="Authentication End-to-End › should handle login with network error" classname="auth-e2e.test.ts" time="30.212">
<failure message="auth-e2e.test.ts:243:7 should handle login with network error" type="FAILURE">
<![CDATA[  [firefox] › auth-e2e.test.ts:243:7 › Authentication End-to-End › should handle login with network error 

    Test timeout of 30000ms exceeded.

    Error: page.fill: Test timeout of 30000ms exceeded.
    Call log:
      - waiting for locator('input[name="password"]')


      251 |     // Fill login form
      252 |     await page.fill('input[name="email"]', 'test@example.com');
    > 253 |     await page.fill('input[name="password"]', 'password123');
          |                ^
      254 |
      255 |     // Submit form
      256 |     await page.click('button[type="submit"]');
        at C:\Users\olive\.cursor\Attendry\src\__tests__\e2e\auth-e2e.test.ts:253:16

    attachment #1: screenshot (image/png) ──────────────────────────────────────────────────────────
    ..\..\..\test-results\auth-e2e-Authentication-En-82c52-le-login-with-network-error-firefox\test-failed-1.png
[...]
    ────────────────────────────────────────────────────────────────────────────────────────────────

    Error Context: ..\..\..\test-results\search-e2e-Search-End-to-E-86e83-ndle-search-with-no-results-Google-Chrome\error-context.md
]]>
</failure>
<system-out>
<![CDATA[
[[ATTACHMENT|search-e2e-Search-End-to-E-86e83-ndle-search-with-no-results-Google-Chrome\test-failed-1.png]]

[[ATTACHMENT|search-e2e-Search-End-to-E-86e83-ndle-search-with-no-results-Google-Chrome\video.webm]]

[[ATTACHMENT|search-e2e-Search-End-to-E-86e83-ndle-search-with-no-results-Google-Chrome\error-context.md]]
]]>
</system-out>
</testcase>
<testcase name="Search End-to-End › should handle search errors gracefully" classname="search-e2e.test.ts" time="7.907">
<failure message="search-e2e.test.ts:78:7 should handle search errors gracefully" type="FAILURE">
<![CDATA[  [Google Chrome] › search-e2e.test.ts:78:7 › Search End-to-End › should handle search errors gracefully 

    Error: expect(page).toHaveURL(expected) failed

    Expected string: "http://localhost:4000/events"
    Received string: "http://localhost:4000/"
    Timeout: 5000ms

    Call log:
      - Expect "toHaveURL" with timeout 5000ms
        9 × unexpected value "http://localhost:4000/"


      79 |     // Navigate to events page
      80 |     await page.click('a[href="/events"]');
    > 81 |     await expect(page).toHaveURL('/events');
         |                        ^
      82 |
      83 |     // Enter search query
      84 |     await page.fill('input[placeholder*="search"]', 'legal conference');
        at C:\Users\olive\.cursor\Attendry\src\__tests__\e2e\search-e2e.test.ts:81:24

    attachment #1: screenshot (image/png) ──────────────────────────────────────────────────────────
    ..\..\..\test-results\search-e2e-Search-End-to-E-b11cb-le-search-errors-gracefully-Google-Chrome\test-failed-1.png
    ────────────────────────────────────────────────────────────────────────────────────────────────

    attachment #2: video (video/webm) ──────────────────────────────────────────────────────────────
    ..\..\..\test-results\search-e2e-Search-End-to-E-b11cb-le-search-errors-gracefully-Google-Chrome\video.webm
    ────────────────────────────────────────────────────────────────────────────────────────────────

    Error Context: ..\..\..\test-results\search-e2e-Search-End-to-E-b11cb-le-search-errors-gracefully-Google-Chrome\error-context.md
]]>
</failure>
<system-out>
<![CDATA[
[[ATTACHMENT|search-e2e-Search-End-to-E-b11cb-le-search-errors-gracefully-Google-Chrome\test-failed-1.png]]

[[ATTACHMENT|search-e2e-Search-End-to-E-b11cb-le-search-errors-gracefully-Google-Chrome\video.webm]]

[[ATTACHMENT|search-e2e-Search-End-to-E-b11cb-le-search-errors-gracefully-Google-Chrome\error-context.md]]
]]>
</system-out>
</testcase>
<testcase name="Search End-to-End › should perform real-time search" classname="search-e2e.test.ts" time="13.095">
<failure message="search-e2e.test.ts:99:7 should perform real-time search" type="FAILURE">
<![CDATA[  [Google Chrome] › search-e2e.test.ts:99:7 › Search End-to-End › should perform real-time search ──

    Error: expect(page).toHaveURL(expected) failed

    Expected string: "http://localhost:4000/events"
    Received string: "http://localhost:4000/"
    Timeout: 5000ms

    Call log:
      - Expect "toHaveURL" with timeout 5000ms
        9 × unexpected value "http://localhost:4000/"


      100 |     // Navigate to events page
      101 |     await page.click('a[href="/events"]');
    > 102 |     await expect(page).toHaveURL('/events');
          |                        ^
      103 |
      104 |     // Toggle advanced search
      105 |     await page.click('button[data-testid="toggle-advanced-search"]');
        at C:\Users\olive\.cursor\Attendry\src\__tests__\e2e\search-e2e.test.ts:102:24

    attachment #1: screenshot (image/png) ──────────────────────────────────────────────────────────
    ..\..\..\test-results\search-e2e-Search-End-to-End-should-perform-real-time-search-Google-Chrome\test-failed-1.png
    ────────────────────────────────────────────────────────────────────────────────────────────────

    attachment #2: video (video/webm) ──────────────────────────────────────────────────────────────
    ..\..\..\test-results\search-e2e-Search-End-to-End-should-perform-real-time-search-Google-Chrome\video.webm
    ────────────────────────────────────────────────────────────────────────────────────────────────

    Error Context: ..\..\..\test-results\search-e2e-Search-End-to-End-should-perform-real-time-search-Google-Chrome\error-context.md
]]>
</failure>
<system-out>
<![CDATA[
[[ATTACHMENT|search-e2e-Search-End-to-End-should-perform-real-time-search-Google-Chrome\test-failed-1.png]]

[[ATTACHMENT|search-e2e-Search-End-to-End-should-perform-real-time-search-Google-Chrome\video.webm]]

[[ATTACHMENT|search-e2e-Search-End-to-End-should-perform-real-time-search-Google-Chrome\error-context.md]]
]]>
</system-out>
</testcase>
<testcase name="Search End-to-End › should save search to history" classname="search-e2e.test.ts" time="11.858">
<failure message="search-e2e.test.ts:128:7 should save search to history" type="FAILURE">
<![CDATA[  [Google Chrome] › search-e2e.test.ts:128:7 › Search End-to-End › should save search to history ───

    Error: expect(page).toHaveURL(expected) failed

    Expected string: "http://localhost:4000/events"
    Received string: "http://localhost:4000/"
    Timeout: 5000ms

    Call log:
      - Expect "toHaveURL" with timeout 5000ms
        9 × unexpected value "http://localhost:4000/"


      129 |     // Navigate to events page
      130 |     await page.click('a[href="/events"]');
    > 131 |     await expect(page).toHaveURL('/events');
          |                        ^
      132 |
      133 |     // Enter search query
      134 |     await page.fill('input[placeholder*="search"]', 'legal conference');
        at C:\Users\olive\.cursor\Attendry\src\__tests__\e2e\search-e2e.test.ts:131:24

    attachment #1: screenshot (image/png) ──────────────────────────────────────────────────────────
    ..\..\..\test-results\search-e2e-Search-End-to-End-should-save-search-to-history-Google-Chrome\test-failed-1.png
    ────────────────────────────────────────────────────────────────────────────────────────────────

    attachment #2: video (video/webm) ──────────────────────────────────────────────────────────────
    ..\..\..\test-results\search-e2e-Search-End-to-End-should-save-search-to-history-Google-Chrome\video.webm
    ────────────────────────────────────────────────────────────────────────────────────────────────

    Error Context: ..\..\..\test-results\search-e2e-Search-End-to-End-should-save-search-to-history-Google-Chrome\error-context.md
]]>
</failure>
<system-out>
<![CDATA[
[[ATTACHMENT|search-e2e-Search-End-to-End-should-save-search-to-history-Google-Chrome\test-failed-1.png]]

[[ATTACHMENT|search-e2e-Search-End-to-End-should-save-search-to-history-Google-Chrome\video.webm]]

[[ATTACHMENT|search-e2e-Search-End-to-End-should-save-search-to-history-Google-Chrome\error-context.md]]
]]>
</system-out>
</testcase>
<testcase name="Search End-to-End › should load search from history" classname="search-e2e.test.ts" time="10.024">
<failure message="search-e2e.test.ts:147:7 should load search from history" type="FAILURE">
<![CDATA[  [Google Chrome] › search-e2e.test.ts:147:7 › Search End-to-End › should load search from history ─

    Error: expect(page).toHaveURL(expected) failed

    Expected string: "http://localhost:4000/events"
    Received string: "http://localhost:4000/"
    Timeout: 5000ms

    Call log:
      - Expect "toHaveURL" with timeout 5000ms
        9 × unexpected value "http://localhost:4000/"


      148 |     // Navigate to events page
      149 |     await page.click('a[href="/events"]');
    > 150 |     await expect(page).toHaveURL('/events');
          |                        ^
      151 |
      152 |     // Click on search history item
      153 |     await page.click('[data-testid="search-history-item"]:first-child');
        at C:\Users\olive\.cursor\Attendry\src\__tests__\e2e\search-e2e.test.ts:150:24

    attachment #1: screenshot (image/png) ──────────────────────────────────────────────────────────
    ..\..\..\test-results\search-e2e-Search-End-to-End-should-load-search-from-history-Google-Chrome\test-failed-1.png
    ────────────────────────────────────────────────────────────────────────────────────────────────

    attachment #2: video (video/webm) ──────────────────────────────────────────────────────────────
    ..\..\..\test-results\search-e2e-Search-End-to-End-should-load-search-from-history-Google-Chrome\video.webm
    ────────────────────────────────────────────────────────────────────────────────────────────────

    Error Context: ..\..\..\test-results\search-e2e-Search-End-to-End-should-load-search-from-history-Google-Chrome\error-context.md
]]>
</failure>
<system-out>
<![CDATA[
[[ATTACHMENT|search-e2e-Search-End-to-End-should-load-search-from-history-Google-Chrome\test-failed-1.png]]

[[ATTACHMENT|search-e2e-Search-End-to-End-should-load-search-from-history-Google-Chrome\video.webm]]

[[ATTACHMENT|search-e2e-Search-End-to-End-should-load-search-from-history-Google-Chrome\error-context.md]]
]]>
</system-out>
</testcase>
<testcase name="Search End-to-End › should clear search history" classname="search-e2e.test.ts" time="9.607">
<failure message="search-e2e.test.ts:163:7 should clear search history" type="FAILURE">
<![CDATA[  [Google Chrome] › search-e2e.test.ts:163:7 › Search End-to-End › should clear search history ─────

    Error: expect(page).toHaveURL(expected) failed

    Expected string: "http://localhost:4000/events"
    Received string: "http://localhost:4000/"
    Timeout: 5000ms

    Call log:
      - Expect "toHaveURL" with timeout 5000ms
        9 × unexpected value "http://localhost:4000/"


      164 |     // Navigate to events page
      165 |     await page.click('a[href="/events"]');
    > 166 |     await expect(page).toHaveURL('/events');
          |                        ^
      167 |
      168 |     // Click clear history button
      169 |     await page.click('button[data-testid="clear-search-history"]');
        at C:\Users\olive\.cursor\Attendry\src\__tests__\e2e\search-e2e.test.ts:166:24

    attachment #1: screenshot (image/png) ──────────────────────────────────────────────────────────
    ..\..\..\test-results\search-e2e-Search-End-to-End-should-clear-search-history-Google-Chrome\test-failed-1.png
    ────────────────────────────────────────────────────────────────────────────────────────────────

    attachment #2: video (video/webm) ──────────────────────────────────────────────────────────────
    ..\..\..\test-results\search-e2e-Search-End-to-End-should-clear-search-history-Google-Chrome\video.webm
    ────────────────────────────────────────────────────────────────────────────────────────────────

    Error Context: ..\..\..\test-results\search-e2e-Search-End-to-End-should-clear-search-history-Google-Chrome\error-context.md
]]>
</failure>
<system-out>
<![CDATA[
[[ATTACHMENT|search-e2e-Search-End-to-End-should-clear-search-history-Google-Chrome\test-failed-1.png]]

[[ATTACHMENT|search-e2e-Search-End-to-End-should-clear-search-history-Google-Chrome\video.webm]]

[[ATTACHMENT|search-e2e-Search-End-to-End-should-clear-search-history-Google-Chrome\error-context.md]]
]]>
</system-out>
</testcase>
<testcase name="Search End-to-End › should handle search pagination" classname="search-e2e.test.ts" time="9.796">
<failure message="search-e2e.test.ts:176:7 should handle search pagination" type="FAILURE">
<![CDATA[  [Google Chrome] › search-e2e.test.ts:176:7 › Search End-to-End › should handle search pagination ─

    Error: expect(page).toHaveURL(expected) failed

    Expected string: "http://localhost:4000/events"
    Received string: "http://localhost:4000/"
    Timeout: 5000ms

    Call log:
      - Expect "toHaveURL" with timeout 5000ms
        9 × unexpected value "http://localhost:4000/"


      177 |     // Navigate to events page
      178 |     await page.click('a[href="/events"]');
    > 179 |     await expect(page).toHaveURL('/events');
          |                        ^
      180 |
      181 |     // Enter search query
      182 |     await page.fill('input[placeholder*="search"]', 'legal conference');
        at C:\Users\olive\.cursor\Attendry\src\__tests__\e2e\search-e2e.test.ts:179:24

    attachment #1: screenshot (image/png) ──────────────────────────────────────────────────────────
    ..\..\..\test-results\search-e2e-Search-End-to-End-should-handle-search-pagination-Google-Chrome\test-failed-1.png
    ────────────────────────────────────────────────────────────────────────────────────────────────

    attachment #2: video (video/webm) ──────────────────────────────────────────────────────────────
    ..\..\..\test-results\search-e2e-Search-End-to-End-should-handle-search-pagination-Google-Chrome\video.webm
    ────────────────────────────────────────────────────────────────────────────────────────────────

    Error Context: ..\..\..\test-results\search-e2e-Search-End-to-End-should-handle-search-pagination-Google-Chrome\error-context.md
]]>
</failure>
<system-out>
<![CDATA[
[[ATTACHMENT|search-e2e-Search-End-to-End-should-handle-search-pagination-Google-Chrome\test-failed-1.png]]

[[ATTACHMENT|search-e2e-Search-End-to-End-should-handle-search-pagination-Google-Chrome\video.webm]]

[[ATTACHMENT|search-e2e-Search-End-to-End-should-handle-search-pagination-Google-Chrome\error-context.md]]
]]>
</system-out>
</testcase>
<testcase name="Search End-to-End › should handle search filters" classname="search-e2e.test.ts" time="30.182">
<failure message="search-e2e.test.ts:205:7 should handle search filters" type="FAILURE">
<![CDATA[  [Google Chrome] › search-e2e.test.ts:205:7 › Search End-to-End › should handle search filters ────

    Test timeout of 30000ms exceeded.

    Error: page.click: Test timeout of 30000ms exceeded.
    Call log:
      - waiting for locator('button[data-testid="toggle-advanced-search"]')


      209 |
      210 |     // Toggle advanced search
    > 211 |     await page.click('button[data-testid="toggle-advanced-search"]');
          |                ^
      212 |
      213 |     // Fill search form
      214 |     await page.fill('input[name="query"]', 'legal conference');
        at C:\Users\olive\.cursor\Attendry\src\__tests__\e2e\search-e2e.test.ts:211:16

    attachment #1: screenshot (image/png) ──────────────────────────────────────────────────────────
    ..\..\..\test-results\search-e2e-Search-End-to-End-should-handle-search-filters-Google-Chrome\test-failed-1.png
    ────────────────────────────────────────────────────────────────────────────────────────────────

    attachment #2: video (video/webm) ──────────────────────────────────────────────────────────────
    ..\..\..\test-results\search-e2e-Search-End-to-End-should-handle-search-filters-Google-Chrome\video.webm
    ────────────────────────────────────────────────────────────────────────────────────────────────

    Error Context: ..\..\..\test-results\search-e2e-Search-End-to-End-should-handle-search-filters-Google-Chrome\error-context.md
]]>
</failure>
<system-out>
<![CDATA[
[[ATTACHMENT|search-e2e-Search-End-to-End-should-handle-search-filters-Google-Chrome\test-failed-1.png]]

[[ATTACHMENT|search-e2e-Search-End-to-End-should-handle-search-filters-Google-Chrome\video.webm]]

[[ATTACHMENT|search-e2e-Search-End-to-End-should-handle-search-filters-Google-Chrome\error-context.md]]
]]>
</system-out>
</testcase>
<testcase name="Search End-to-End › should handle search with special characters" classname="search-e2e.test.ts" time="30.207">
<failure message="search-e2e.test.ts:236:7 should handle search with special characters" type="FAILURE">
<![CDATA[  [Google Chrome] › search-e2e.test.ts:236:7 › Search End-to-End › should handle search with special characters 

    Test timeout of 30000ms exceeded.

    Error: page.fill: Test timeout of 30000ms exceeded.
    Call log:
      - waiting for locator('input[placeholder*="search"]')


      240 |
      241 |     // Enter search query with special characters
    > 242 |     await page.fill('input[placeholder*="search"]', 'legal & compliance conference');
          |                ^
      243 |     
      244 |     // Click search button
      245 |     await page.click('button[type="submit"]');
        at C:\Users\olive\.cursor\Attendry\src\__tests__\e2e\search-e2e.test.ts:242:16

    attachment #1: screenshot (image/png) ──────────────────────────────────────────────────────────
    ..\..\..\test-results\search-e2e-Search-End-to-E-e8f6a-rch-with-special-characters-Google-Chrome\test-failed-1.png
    ────────────────────────────────────────────────────────────────────────────────────────────────

    attachment #2: video (video/webm) ──────────────────────────────────────────────────────────────
    ..\..\..\test-results\search-e2e-Search-End-to-E-e8f6a-rch-with-special-characters-Google-Chrome\video.webm
    ────────────────────────────────────────────────────────────────────────────────────────────────

    Error Context: ..\..\..\test-results\search-e2e-Search-End-to-E-e8f6a-rch-with-special-characters-Google-Chrome\error-context.md
]]>
</failure>
<system-out>
<![CDATA[
[[ATTACHMENT|search-e2e-Search-End-to-E-e8f6a-rch-with-special-characters-Google-Chrome\test-failed-1.png]]

[[ATTACHMENT|search-e2e-Search-End-to-E-e8f6a-rch-with-special-characters-Google-Chrome\video.webm]]

[[ATTACHMENT|search-e2e-Search-End-to-E-e8f6a-rch-with-special-characters-Google-Chrome\error-context.md]]
]]>
</system-out>
</testcase>
<testcase name="Search End-to-End › should handle search with long query" classname="search-e2e.test.ts" time="30.175">
<failure message="search-e2e.test.ts:255:7 should handle search with long query" type="FAILURE">
<![CDATA[  [Google Chrome] › search-e2e.test.ts:255:7 › Search End-to-End › should handle search with long query 

    Test timeout of 30000ms exceeded.

    Error: page.fill: Test timeout of 30000ms exceeded.
    Call log:
      - waiting for locator('input[placeholder*="search"]')


      260 |     // Enter long search query
      261 |     const longQuery = 'legal compliance conference munich germany 2024 professional development';
    > 262 |     await page.fill('input[placeholder*="search"]', longQuery);
          |                ^
      263 |     
      264 |     // Click search button
      265 |     await page.click('button[type="submit"]');
        at C:\Users\olive\.cursor\Attendry\src\__tests__\e2e\search-e2e.test.ts:262:16

    attachment #1: screenshot (image/png) ──────────────────────────────────────────────────────────
    ..\..\..\test-results\search-e2e-Search-End-to-E-be7a9-ndle-search-with-long-query-Google-Chrome\test-failed-1.png
    ────────────────────────────────────────────────────────────────────────────────────────────────

    attachment #2: video (video/webm) ──────────────────────────────────────────────────────────────
    ..\..\..\test-results\search-e2e-Search-End-to-E-be7a9-ndle-search-with-long-query-Google-Chrome\video.webm
    ────────────────────────────────────────────────────────────────────────────────────────────────

    Error Context: ..\..\..\test-results\search-e2e-Search-End-to-E-be7a9-ndle-search-with-long-query-Google-Chrome\error-context.md
]]>
</failure>
<system-out>
<![CDATA[
[[ATTACHMENT|search-e2e-Search-End-to-E-be7a9-ndle-search-with-long-query-Google-Chrome\test-failed-1.png]]

[[ATTACHMENT|search-e2e-Search-End-to-E-be7a9-ndle-search-with-long-query-Google-Chrome\video.webm]]

[[ATTACHMENT|search-e2e-Search-End-to-E-be7a9-ndle-search-with-long-query-Google-Chrome\error-context.md]]
]]>
</system-out>
</testcase>
</testsuite>
</testsuites>